2020-06-06 09:45:46,448 [1] INFO  Debug - 服务器启动监听成功 Debug 
2020-06-06 09:48:21,478 [1] INFO  Debug - 服务器启动监听成功 Debug 
2020-06-06 10:13:36,417 [1] INFO  Debug - 服务器启动监听成功 Debug 
2020-06-06 10:13:40,845 [1] DEBUG Debug - 一个客户端连接:127.0.0.1:8899,当前1客户端在线 Debug 
2020-06-06 10:13:40,846 [1] DEBUG Debug - 一个客户端连接 Debug 
2020-06-06 10:13:40,869 [1] ERROR Debug - Receive Error:+System.Net.Sockets.SocketException (0x80004005): 远程主机强迫关闭了一个现有的连接。
   在 System.Net.Sockets.Socket.Receive(Byte[] buffer, Int32 offset, Int32 size, SocketFlags socketFlags)
   在 SimpleServer.Net.ServerSocket.ReadClient(Socket client) 位置 C:\Users\Aive\Desktop\MyServer\Server\SimpleServer\Net\ServerSocket.cs:行号 140 Debug 
2020-06-06 10:13:40,872 [1] DEBUG Debug - 一个客户端断开了连接,当前连接总数为0 Debug 
2020-06-06 10:14:03,815 [1] INFO  Debug - 服务器启动监听成功 Debug 
2020-06-06 10:14:15,989 [1] DEBUG Debug - 一个客户端连接:127.0.0.1:8899,当前1客户端在线 Debug 
2020-06-06 10:14:15,989 [1] DEBUG Debug - 一个客户端连接 Debug 
2020-06-06 10:14:29,797 [1] ERROR Debug - Receive Error:+System.Net.Sockets.SocketException (0x80004005): 远程主机强迫关闭了一个现有的连接。
   在 System.Net.Sockets.Socket.Receive(Byte[] buffer, Int32 offset, Int32 size, SocketFlags socketFlags)
   在 SimpleServer.Net.ServerSocket.ReadClient(Socket client) 位置 C:\Users\Aive\Desktop\MyServer\Server\SimpleServer\Net\ServerSocket.cs:行号 140 Debug 
2020-06-06 10:14:56,239 [1] DEBUG Debug - 一个客户端断开了连接,当前连接总数为0 Debug 
2020-06-06 10:14:56,239 [1] DEBUG Debug - 一个客户端连接:127.0.0.1:8899,当前1客户端在线 Debug 
2020-06-06 10:14:56,240 [1] DEBUG Debug - 一个客户端连接 Debug 
2020-06-06 10:17:45,852 [1] INFO  Debug - 服务器启动监听成功 Debug 
2020-06-06 10:17:50,969 [1] DEBUG Debug - 一个客户端连接:127.0.0.1:8899,当前1客户端在线 Debug 
2020-06-06 10:17:50,970 [1] DEBUG Debug - 一个客户端连接 Debug 
2020-06-06 10:17:56,524 [1] ERROR Debug - Receive Error:+System.Net.Sockets.SocketException (0x80004005): 远程主机强迫关闭了一个现有的连接。
   在 System.Net.Sockets.Socket.Receive(Byte[] buffer, Int32 offset, Int32 size, SocketFlags socketFlags)
   在 SimpleServer.Net.ServerSocket.ReadClient(Socket client) 位置 C:\Users\Aive\Desktop\MyServer\Server\SimpleServer\Net\ServerSocket.cs:行号 140 Debug 
2020-06-06 10:17:56,525 [1] DEBUG Debug - 一个客户端断开了连接,当前连接总数为0 Debug 
2020-06-06 10:18:02,866 [1] DEBUG Debug - 一个客户端连接:127.0.0.1:8899,当前1客户端在线 Debug 
2020-06-06 10:18:02,867 [1] DEBUG Debug - 一个客户端连接 Debug 
2020-06-06 10:18:08,863 [1] ERROR Debug - Receive Error:+System.Net.Sockets.SocketException (0x80004005): 远程主机强迫关闭了一个现有的连接。
   在 System.Net.Sockets.Socket.Receive(Byte[] buffer, Int32 offset, Int32 size, SocketFlags socketFlags)
   在 SimpleServer.Net.ServerSocket.ReadClient(Socket client) 位置 C:\Users\Aive\Desktop\MyServer\Server\SimpleServer\Net\ServerSocket.cs:行号 140 Debug 
2020-06-06 10:18:08,864 [1] DEBUG Debug - 一个客户端断开了连接,当前连接总数为0 Debug 
